  Game.cpp
c:\users\mo3mo3\desktop\c++projects\directx_projects\snake_game\engine\snake.h(60): warning C4244: 'argument': conversion from 'double' to 'int', possible loss of data
c:\users\mo3mo3\desktop\c++projects\directx_projects\snake_game\engine\snake.h(73): warning C4244: 'argument': conversion from 'double' to 'int', possible loss of data
c:\users\mo3mo3\desktop\c++projects\directx_projects\snake_game\engine\game.cpp(113): warning C4267: '=': conversion from 'size_t' to 'int', possible loss of data
c:\users\mo3mo3\desktop\c++projects\directx_projects\snake_game\engine\game.cpp(153): warning C4244: 'initializing': conversion from 'double' to 'int', possible loss of data
c:\users\mo3mo3\desktop\c++projects\directx_projects\snake_game\engine\game.cpp(154): warning C4244: 'initializing': conversion from 'double' to 'int', possible loss of data
c:\users\mo3mo3\desktop\c++projects\directx_projects\snake_game\engine\game.cpp(156): warning C4244: 'initializing': conversion from 'double' to 'int', possible loss of data
c:\users\mo3mo3\desktop\c++projects\directx_projects\snake_game\engine\game.cpp(157): warning C4244: 'initializing': conversion from 'double' to 'int', possible loss of data
c:\users\mo3mo3\desktop\c++projects\directx_projects\snake_game\engine\game.cpp(173): warning C4267: '=': conversion from 'size_t' to 'int', possible loss of data
c:\users\mo3mo3\desktop\c++projects\directx_projects\snake_game\engine\game.cpp(464): warning C4267: 'initializing': conversion from 'size_t' to 'int', possible loss of data
c:\users\mo3mo3\desktop\c++projects\directx_projects\snake_game\engine\game.cpp(514): warning C4267: 'initializing': conversion from 'size_t' to 'int', possible loss of data
c:\users\mo3mo3\desktop\c++projects\directx_projects\snake_game\engine\game.cpp(707): warning C4244: 'argument': conversion from 'double' to 'int', possible loss of data
c:\program files (x86)\microsoft visual studio\2017\community\vc\tools\msvc\14.16.27023\include\utility(172): warning C4244: 'initializing': conversion from 'double' to '_Ty1', possible loss of data
          with
          [
              _Ty1=int
          ]
  c:\users\mo3mo3\desktop\c++projects\directx_projects\snake_game\engine\game.cpp(66): note: see reference to function template instantiation 'std::pair<int,int>::pair<double&,double&,0>(_Other1,_Other2) noexcept' being compiled
          with
          [
              _Other1=double &,
              _Other2=double &
          ]
  c:\users\mo3mo3\desktop\c++projects\directx_projects\snake_game\engine\game.cpp(66): note: see reference to function template instantiation 'std::pair<int,int>::pair<double&,double&,0>(_Other1,_Other2) noexcept' being compiled
          with
          [
              _Other1=double &,
              _Other2=double &
          ]
c:\program files (x86)\microsoft visual studio\2017\community\vc\tools\msvc\14.16.27023\include\utility(173): warning C4244: 'initializing': conversion from 'double' to '_Ty2', possible loss of data
          with
          [
              _Ty2=int
          ]
  Engine.vcxproj -> C:\Users\mo3mo3\Desktop\C++projects\DirectX_Projects\Snake_game\x64\Debug\Engine.exe
